<?xml version="1.0" encoding="UTF-8"?>
<!-- Generated by org.testng.reporters.JUnitReportReporter -->
<testsuite hostname="DESKTOP-RE1LIDM" failures="0" tests="1" name="com.qa.test.HomePage" time="39.722" errors="0" timestamp="2021-05-27T20:13:28 IST" skipped="0">
  <testcase classname="com.qa.test.HomePage" name="verifyHomePageFindElements" time="39.722"/>
  <system-out/>
</testsuite> <!-- com.qa.test.HomePage -->
