<?xml version="1.0" encoding="UTF-8"?>
<!-- Generated by org.testng.reporters.JUnitReportReporter -->
<testsuite hostname="DESKTOP-RE1LIDM" failures="0" tests="1" name="com.qa.test.HomePage" time="16.491" errors="0" timestamp="2021-05-24T19:19:51 IST" skipped="0">
  <testcase classname="com.qa.test.HomePage" name="verifyHomePageWindow" time="16.491"/>
  <system-out/>
</testsuite> <!-- com.qa.test.HomePage -->
