<?xml version="1.0" encoding="UTF-8"?>
<!-- Generated by org.testng.reporters.JUnitReportReporter -->
<testsuite hostname="DESKTOP-RE1LIDM" failures="0" tests="2" name="com.qa.test.testNGSession" time="0.015" errors="0" timestamp="2021-05-20T19:56:18 IST" skipped="0">
  <testcase classname="com.qa.test.testNGSession" name="HomePage_Search_TestCase004" time="0.002"/>
  <system-out/>
  <testcase classname="com.qa.test.testNGSession" name="HomePage_Carousel_TestCase003" time="0.013"/>
  <system-out/>
</testsuite> <!-- com.qa.test.testNGSession -->
