<?xml version="1.0" encoding="UTF-8"?>
<!-- Generated by org.testng.reporters.JUnitReportReporter -->
<testsuite hostname="DESKTOP-RE1LIDM" failures="0" tests="1" name="com.qa.test.testNGExample" time="0.002" errors="0" timestamp="2021-05-20T19:56:18 IST" skipped="0">
  <testcase classname="com.qa.test.testNGExample" name="Search_ResultPage_TestCase001" time="0.002"/>
  <system-out/>
</testsuite> <!-- com.qa.test.testNGExample -->
