<?xml version="1.0" encoding="UTF-8"?>
<!-- Generated by org.testng.reporters.JUnitReportReporter -->
<testsuite hostname="DESKTOP-RE1LIDM" failures="0" tests="1" name="com.qa.test.ExampleWait" time="29.084" errors="0" timestamp="2021-05-29T19:00:06 IST" skipped="0">
  <testcase classname="com.qa.test.ExampleWait" name="ExplicitWaitExample" time="29.084"/>
  <system-out/>
</testsuite> <!-- com.qa.test.ExampleWait -->
