<?xml version="1.0" encoding="UTF-8"?>
<!-- Generated by org.testng.reporters.JUnitReportReporter -->
<testsuite hostname="DESKTOP-RE1LIDM" failures="0" tests="2" name="com.qa.test.HomePage" time="23.444" errors="0" timestamp="2021-05-07T19:49:05 IST" skipped="0">
  <testcase classname="com.qa.test.HomePage" name="TC001" time="23.443"/>
  <system-out/>
  <testcase classname="com.qa.test.HomePage" name="TC002" time="0.001"/>
  <system-out/>
</testsuite> <!-- com.qa.test.HomePage -->
