<?xml version="1.0" encoding="UTF-8"?>
<!-- Generated by org.testng.reporters.JUnitReportReporter -->
<testsuite hostname="DESKTOP-RE1LIDM" failures="0" tests="1" name="com.qa.test.Registration" time="0.001" errors="0" timestamp="2021-05-10T19:21:21 IST" skipped="0">
  <testcase classname="com.qa.test.Registration" name="verifyRegistrationLink" time="0.001"/>
  <system-out/>
</testsuite> <!-- com.qa.test.Registration -->
