<?xml version="1.0" encoding="UTF-8"?>
<!-- Generated by org.testng.reporters.JUnitReportReporter -->
<testsuite hostname="DESKTOP-RE1LIDM" failures="0" tests="2" name="com.qa.test.HomePage" time="24.122" errors="0" timestamp="2021-05-10T19:21:21 IST" skipped="0">
  <testcase classname="com.qa.test.HomePage" name="verifyHomePageLogo" time="0.013"/>
  <system-out/>
  <testcase classname="com.qa.test.HomePage" name="verifyHomePageTitle" time="24.109"/>
  <system-out/>
</testsuite> <!-- com.qa.test.HomePage -->
