<?xml version="1.0" encoding="UTF-8"?>
<!-- Generated by org.testng.reporters.JUnitReportReporter -->
<testsuite hostname="DESKTOP-RE1LIDM" failures="0" tests="1" name="com.qa.test.Login" time="7.312" errors="0" timestamp="2021-05-24T19:19:51 IST" skipped="0">
  <testcase classname="com.qa.test.Login" name="TC001" time="7.312"/>
  <system-out/>
</testsuite> <!-- com.qa.test.Login -->
