<?xml version="1.0" encoding="UTF-8"?>
<!-- Generated by org.testng.reporters.JUnitReportReporter -->
<testsuite hostname="DESKTOP-RE1LIDM" failures="0" tests="1" name="com.qa.test.Search" time="60.163" errors="0" timestamp="2021-05-15T19:55:56 IST" skipped="0">
  <testcase classname="com.qa.test.Search" name="verifySearchResultusingDropdown" time="60.163"/>
  <system-out/>
</testsuite> <!-- com.qa.test.Search -->
