<?xml version="1.0" encoding="UTF-8"?>
<!-- Generated by org.testng.reporters.JUnitReportReporter -->
<testsuite hostname="DESKTOP-RE1LIDM" failures="0" tests="1" name="com.qa.test.Search" time="25.878" errors="0" timestamp="2021-05-24T19:19:51 IST" skipped="0">
  <testcase classname="com.qa.test.Search" name="verifySearchResultusingDropdown" time="25.878"/>
  <system-out/>
</testsuite> <!-- com.qa.test.Search -->
