<?xml version="1.0" encoding="UTF-8"?>
<!-- Generated by org.testng.reporters.JUnitReportReporter -->
<testsuite hostname="DESKTOP-RE1LIDM" failures="0" tests="4" name="com.qa.test.testNGSession" time="0.024" errors="0" timestamp="2021-05-24T19:46:41 IST" skipped="0">
  <testcase classname="com.qa.test.testNGSession" name="HomePage_Header_TestCase002" time="0.004"/>
  <system-out/>
  <testcase classname="com.qa.test.testNGSession" name="HomePage_Search_TestCase004" time="0.002"/>
  <system-out/>
  <testcase classname="com.qa.test.testNGSession" name="HomePage_Carousel_TestCase003" time="0.017"/>
  <system-out/>
  <testcase classname="com.qa.test.testNGSession" name="HomePage_Header_TestCase001" time="0.001"/>
  <system-out/>
</testsuite> <!-- com.qa.test.testNGSession -->
