<?xml version="1.0" encoding="UTF-8"?>
<!-- Generated by org.testng.reporters.JUnitReportReporter -->
<testsuite hostname="DESKTOP-RE1LIDM" failures="0" tests="1" name="com.qa.test.HandleFrames" time="30.775" errors="0" timestamp="2021-06-10T18:49:30 IST" skipped="0">
  <testcase classname="com.qa.test.HandleFrames" name="frames" time="30.775"/>
  <system-out/>
</testsuite> <!-- com.qa.test.HandleFrames -->
