<?xml version="1.0" encoding="UTF-8"?>
<!-- Generated by org.testng.reporters.JUnitReportReporter -->
<testsuite hostname="DESKTOP-RE1LIDM" failures="0" tests="2" name="com.qa.test.testNGExample" time="0.039" errors="0" timestamp="2021-05-27T19:56:17 IST" skipped="0">
  <testcase classname="com.qa.test.testNGExample" name="Search_ResultPage_TestCase001" time="0.019"/>
  <system-out/>
  <testcase classname="com.qa.test.testNGExample" name="Search_ResultPage_TestCase002" time="0.020"/>
  <system-out/>
</testsuite> <!-- com.qa.test.testNGExample -->
