<?xml version="1.0" encoding="UTF-8"?>
<!-- Generated by org.testng.reporters.JUnitReportReporter -->
<testsuite hostname="DESKTOP-RE1LIDM" failures="0" tests="1" name="com.qa.test.HandleWindows" time="28.134" errors="0" timestamp="2021-06-10T18:18:36 IST" skipped="0">
  <testcase classname="com.qa.test.HandleWindows" name="verifyHomePageTitle" time="28.134"/>
  <system-out/>
</testsuite> <!-- com.qa.test.HandleWindows -->
